\BOOKMARK [1][-]{section.1}{\376\377\000I\000n\000t\000r\000o\000d\000u\000c\000t\000i\000o\000n}{}% 1
\BOOKMARK [1][-]{section.2}{\376\377\000Q\000u\000i\000c\000k\000\040\000s\000t\000a\000r\000t}{}% 2
\BOOKMARK [1][-]{section.3}{\376\377\000I\000n\000p\000u\000t\000s\000\040\000a\000n\000d\000\040\000O\000u\000t\000p\000u\000t\000s}{}% 3
\BOOKMARK [1][-]{section.4}{\376\377\000A\000B\000M\000l\000u\000x}{}% 4
\BOOKMARK [1][-]{section.5}{\376\377\000W\000o\000r\000l\000d}{}% 5
\BOOKMARK [2][-]{subsection.5.1}{\376\377\000A\000g\000e\000n\000t\000s}{section.5}% 6
\BOOKMARK [2][-]{subsection.5.2}{\376\377\000L\000o\000c\000a\000t\000i\000o\000n\000s}{section.5}% 7
\BOOKMARK [2][-]{subsection.5.3}{\376\377\000A\000c\000t\000i\000v\000i\000t\000i\000e\000s}{section.5}% 8
\BOOKMARK [2][-]{subsection.5.4}{\376\377\000R\000e\000g\000i\000o\000n\000s}{section.5}% 9
\BOOKMARK [2][-]{subsection.5.5}{\376\377\000W\000o\000r\000l\000d\000\040\000F\000a\000c\000t\000o\000r\000y}{section.5}% 10
\BOOKMARK [2][-]{subsection.5.6}{\376\377\000V\000e\000c\000t\000o\000r\000i\000z\000a\000t\000i\000o\000n}{section.5}% 11
\BOOKMARK [1][-]{section.6}{\376\377\000S\000i\000m\000u\000l\000a\000t\000o\000r}{}% 12
\BOOKMARK [2][-]{subsection.6.1}{\376\377\000C\000l\000o\000c\000k}{section.6}% 13
\BOOKMARK [2][-]{subsection.6.2}{\376\377\000W\000o\000r\000l\000d}{section.6}% 14
\BOOKMARK [2][-]{subsection.6.3}{\376\377\000C\000o\000m\000p\000o\000n\000e\000n\000t\000s}{section.6}% 15
\BOOKMARK [2][-]{subsection.6.4}{\376\377\000R\000e\000p\000o\000r\000t\000e\000r\000s}{section.6}% 16
\BOOKMARK [2][-]{subsection.6.5}{\376\377\000S\000i\000m\000u\000l\000a\000t\000o\000r\000\040\000F\000a\000c\000t\000o\000r\000y}{section.6}% 17
\BOOKMARK [2][-]{subsection.6.6}{\376\377\000R\000u\000n}{section.6}% 18
\BOOKMARK [1][-]{section.7}{\376\377\000I\000n\000p\000u\000t}{}% 19
\BOOKMARK [1][-]{section.8}{\376\377\000M\000o\000v\000e\000m\000e\000n\000t}{}% 20
\BOOKMARK [1][-]{section.9}{\376\377\000H\000e\000a\000l\000t\000h}{}% 21
\BOOKMARK [2][-]{subsection.9.1}{\376\377\000S\000t\000r\000a\000i\000n}{section.9}% 22
\BOOKMARK [2][-]{subsection.9.2}{\376\377\000D\000i\000s\000e\000a\000s\000e}{section.9}% 23
\BOOKMARK [2][-]{subsection.9.3}{\376\377\000I\000n\000f\000e\000c\000t\000i\000o\000u\000s\000n\000e\000s\000s}{section.9}% 24
\BOOKMARK [2][-]{subsection.9.4}{\376\377\000I\000m\000m\000u\000n\000i\000t\000y\000\040\000\050\000O\000u\000t\000e\000r\000\040\000L\000a\000y\000e\000r\000\051}{section.9}% 25
\BOOKMARK [2][-]{subsection.9.5}{\376\377\000I\000m\000m\000u\000n\000i\000t\000y\000\040\000\050\000I\000n\000n\000e\000r\000\040\000L\000a\000y\000e\000r\000s\000\051}{section.9}% 26
\BOOKMARK [2][-]{subsection.9.6}{\376\377\000P\000r\000e\000s\000e\000t\000s\000\040\000a\000n\000d\000\040\000U\000p\000d\000a\000t\000e\000s}{section.9}% 27
\BOOKMARK [2][-]{subsection.9.7}{\376\377\000T\000r\000a\000n\000s\000m\000i\000s\000s\000i\000o\000n}{section.9}% 28
\BOOKMARK [2][-]{subsection.9.8}{\376\377\000S\000I\000R\000\040\000R\000e\000s\000c\000a\000l\000i\000n\000g}{section.9}% 29
\BOOKMARK [1][-]{section.10}{\376\377\000H\000o\000s\000p\000i\000t\000a\000l\000i\000z\000a\000t\000i\000o\000n}{}% 30
\BOOKMARK [1][-]{section.11}{\376\377\000T\000e\000s\000t\000i\000n\000g\000\040\000a\000n\000d\000\040\000C\000o\000n\000t\000a\000c\000t\000\040\000T\000r\000a\000c\000i\000n\000g}{}% 31
\BOOKMARK [2][-]{subsection.11.1}{\376\377\000R\000a\000n\000d\000o\000m\000\040\000T\000e\000s\000t\000i\000n\000g}{section.11}% 32
\BOOKMARK [2][-]{subsection.11.2}{\376\377\000S\000y\000m\000p\000t\000o\000m\000a\000t\000i\000c\000\040\000T\000e\000s\000t\000i\000n\000g}{section.11}% 33
\BOOKMARK [2][-]{subsection.11.3}{\376\377\000C\000o\000n\000t\000a\000c\000t\000\040\000T\000r\000a\000c\000i\000n\000g}{section.11}% 34
\BOOKMARK [1][-]{section.12}{\376\377\000V\000a\000c\000c\000i\000n\000a\000t\000i\000o\000n}{}% 35
\BOOKMARK [1][-]{section.13}{\376\377\000S\000e\000a\000s\000o\000n\000a\000l\000i\000t\000y}{}% 36
\BOOKMARK [1][-]{section.14}{\376\377\000T\000r\000a\000v\000e\000l}{}% 37
\BOOKMARK [1][-]{section.15}{\376\377\000E\000x\000a\000m\000p\000l\000e\000s\000:\000\040\000W\000o\000r\000l\000d\000\040\000F\000a\000c\000t\000o\000r\000i\000e\000s\000\040\000a\000n\000d\000\040\000S\000c\000e\000n\000a\000r\000i\000o\000s\000\040\000[\000T\000O\000\040\000D\000O\000]}{}% 38
\BOOKMARK [1][-]{section.16}{\376\377\000V\000a\000l\000i\000d\000a\000t\000i\000o\000n}{}% 39
\BOOKMARK [1][-]{section.17}{\376\377\000O\000p\000t\000i\000m\000i\000z\000a\000t\000i\000o\000n}{}% 40
